<?xml version="1.0" encoding="UTF-8"?>
<testng-results ignored="0" total="3" passed="3" failed="0" skipped="0">
  <reporter-output>
  </reporter-output>
  <suite started-at="2022-12-05T14:06:28 GST" name="Suite" finished-at="2022-12-05T14:06:37 GST" duration-ms="8863">
    <groups>
    </groups>
    <test started-at="2022-12-05T14:06:28 GST" name="Test" finished-at="2022-12-05T14:06:37 GST" duration-ms="8863">
      <class name="com.matt.AppTest">
        <test-method signature="testlogin1()[pri:0, instance:com.matt.AppTest@158da8e]" started-at="2022-12-05T14:06:28 GST" name="testlogin1" finished-at="2022-12-05T14:06:28 GST" duration-ms="29" status="PASS">
          <reporter-output>
          </reporter-output>
        </test-method> <!-- testlogin1 -->
        <test-method signature="testlogin2()[pri:0, instance:com.matt.AppTest@158da8e]" started-at="2022-12-05T14:06:28 GST" name="testlogin2" finished-at="2022-12-05T14:06:28 GST" duration-ms="1" status="PASS">
          <reporter-output>
          </reporter-output>
        </test-method> <!-- testlogin2 -->
      </class> <!-- com.matt.AppTest -->
      <class name="com.matt.TC_Login">
        <test-method signature="login_test()[pri:0, instance:com.matt.TC_Login@6356695f]" started-at="2022-12-05T14:06:28 GST" name="login_test" finished-at="2022-12-05T14:06:37 GST" duration-ms="8732" status="PASS">
          <reporter-output>
          </reporter-output>
        </test-method> <!-- login_test -->
      </class> <!-- com.matt.TC_Login -->
    </test> <!-- Test -->
  </suite> <!-- Suite -->
</testng-results>
