<?xml version="1.0" encoding="UTF-8"?>
<testng-results ignored="0" total="3" passed="3" failed="0" skipped="0">
  <reporter-output>
  </reporter-output>
  <suite started-at="2022-12-05T13:53:57 GST" name="Suite" finished-at="2022-12-05T13:54:06 GST" duration-ms="9062">
    <groups>
    </groups>
    <test started-at="2022-12-05T13:53:57 GST" name="Test" finished-at="2022-12-05T13:54:06 GST" duration-ms="9062">
      <class name="com.matt.AppTest">
        <test-method signature="testlogin1()[pri:0, instance:com.matt.AppTest@6283d8b8]" started-at="2022-12-05T13:53:57 GST" name="testlogin1" finished-at="2022-12-05T13:53:57 GST" duration-ms="45" status="PASS">
          <reporter-output>
          </reporter-output>
        </test-method> <!-- testlogin1 -->
        <test-method signature="testlogin2()[pri:0, instance:com.matt.AppTest@6283d8b8]" started-at="2022-12-05T13:53:57 GST" name="testlogin2" finished-at="2022-12-05T13:53:57 GST" duration-ms="3" status="PASS">
          <reporter-output>
          </reporter-output>
        </test-method> <!-- testlogin2 -->
      </class> <!-- com.matt.AppTest -->
      <class name="com.matt.TC_Login">
        <test-method signature="login_test()[pri:0, instance:com.matt.TC_Login@4f2b503c]" started-at="2022-12-05T13:53:57 GST" name="login_test" finished-at="2022-12-05T13:54:06 GST" duration-ms="8911" status="PASS">
          <reporter-output>
          </reporter-output>
        </test-method> <!-- login_test -->
      </class> <!-- com.matt.TC_Login -->
    </test> <!-- Test -->
  </suite> <!-- Suite -->
</testng-results>
